<?xml version="1.0" encoding="UTF-8"?>
<!-- Generated by org.testng.reporters.JUnitReportReporter -->
<testsuite hostname="DESKTOP-JMB1BV4" failures="0" tests="2" name="RegistrationTest" time="117.468" errors="1" timestamp="2025-01-19T22:00:01 IST" skipped="0">
  <testcase classname="RegistrationTest" name="tearDown" time="11.085">
    <error type="java.lang.StackOverflowError">
      <![CDATA[java.lang.StackOverflowError
at RegistrationTest.tearDown(RegistrationTest.java:45)
at RegistrationTest.tearDown(RegistrationTest.java:45)
at RegistrationTest.tearDown(RegistrationTest.java:45)
at RegistrationTest.tearDown(RegistrationTest.java:45)
at RegistrationTest.tearDown(RegistrationTest.java:45)
at RegistrationTest.tearDown(RegistrationTest.java:45)
at RegistrationTest.tearDown(RegistrationTest.java:45)
at RegistrationTest.tearDown(RegistrationTest.java:45)
at RegistrationTest.tearDown(RegistrationTest.java:45)
at RegistrationTest.tearDown(RegistrationTest.java:45)
at RegistrationTest.tearDown(RegistrationTest.java:45)
at RegistrationTest.tearDown(RegistrationTest.java:45)
at RegistrationTest.tearDown(RegistrationTest.java:45)
at RegistrationTest.tearDown(RegistrationTest.java:45)
at RegistrationTest.tearDown(RegistrationTest.java:45)
at RegistrationTest.tearDown(RegistrationTest.java:45)
at RegistrationTest.tearDown(RegistrationTest.java:45)
at RegistrationTest.tearDown(RegistrationTest.java:45)
at RegistrationTest.tearDown(RegistrationTest.java:45)
at RegistrationTest.tearDown(RegistrationTest.java:45)
at RegistrationTest.tearDown(RegistrationTest.java:45)
at RegistrationTest.tearDown(RegistrationTest.java:45)
at RegistrationTest.tearDown(RegistrationTest.java:45)
at RegistrationTest.tearDown(RegistrationTest.java:45)
at RegistrationTest.tearDown(RegistrationTest.java:45)
at RegistrationTest.tearDown(RegistrationTest.java:45)
at RegistrationTest.tearDown(RegistrationTest.java:45)
at RegistrationTest.tearDown(RegistrationTest.java:45)
at RegistrationTest.tearDown(RegistrationTest.java:45)
at RegistrationTest.tearDown(RegistrationTest.java:45)
at RegistrationTest.tearDown(RegistrationTest.java:45)
at RegistrationTest.tearDown(RegistrationTest.java:45)
at RegistrationTest.tearDown(RegistrationTest.java:45)
at RegistrationTest.tearDown(RegistrationTest.java:45)
at RegistrationTest.tearDown(RegistrationTest.java:45)
at RegistrationTest.tearDown(RegistrationTest.java:45)
at RegistrationTest.tearDown(RegistrationTest.java:45)
at RegistrationTest.tearDown(RegistrationTest.java:45)
at RegistrationTest.tearDown(RegistrationTest.java:45)
at RegistrationTest.tearDown(RegistrationTest.java:45)
at RegistrationTest.tearDown(RegistrationTest.java:45)
at RegistrationTest.tearDown(RegistrationTest.java:45)
at RegistrationTest.tearDown(RegistrationTest.java:45)
at RegistrationTest.tearDown(RegistrationTest.java:45)
at RegistrationTest.tearDown(RegistrationTest.java:45)
at RegistrationTest.tearDown(RegistrationTest.java:45)
at RegistrationTest.tearDown(RegistrationTest.java:45)
at RegistrationTest.tearDown(RegistrationTest.java:45)
at RegistrationTest.tearDown(RegistrationTest.java:45)
at RegistrationTest.tearDown(RegistrationTest.java:45)
at RegistrationTest.tearDown(RegistrationTest.java:45)
at RegistrationTest.tearDown(RegistrationTest.java:45)
at RegistrationTest.tearDown(RegistrationTest.java:45)
at RegistrationTest.tearDown(RegistrationTest.java:45)
at RegistrationTest.tearDown(RegistrationTest.java:45)
at RegistrationTest.tearDown(RegistrationTest.java:45)
at RegistrationTest.tearDown(RegistrationTest.java:45)
at RegistrationTest.tearDown(RegistrationTest.java:45)
at RegistrationTest.tearDown(RegistrationTest.java:45)
at RegistrationTest.tearDown(RegistrationTest.java:45)
at RegistrationTest.tearDown(RegistrationTest.java:45)
at RegistrationTest.tearDown(RegistrationTest.java:45)
at RegistrationTest.tearDown(RegistrationTest.java:45)
at RegistrationTest.tearDown(RegistrationTest.java:45)
at RegistrationTest.tearDown(RegistrationTest.java:45)
at RegistrationTest.tearDown(RegistrationTest.java:45)
at RegistrationTest.tearDown(RegistrationTest.java:45)
at RegistrationTest.tearDown(RegistrationTest.java:45)
at RegistrationTest.tearDown(RegistrationTest.java:45)
at RegistrationTest.tearDown(RegistrationTest.java:45)
at RegistrationTest.tearDown(RegistrationTest.java:45)
at RegistrationTest.tearDown(RegistrationTest.java:45)
at RegistrationTest.tearDown(RegistrationTest.java:45)
at RegistrationTest.tearDown(RegistrationTest.java:45)
at RegistrationTest.tearDown(RegistrationTest.java:45)
at RegistrationTest.tearDown(RegistrationTest.java:45)
at RegistrationTest.tearDown(RegistrationTest.java:45)
at RegistrationTest.tearDown(RegistrationTest.java:45)
at RegistrationTest.tearDown(RegistrationTest.java:45)
at RegistrationTest.tearDown(RegistrationTest.java:45)
at RegistrationTest.tearDown(RegistrationTest.java:45)
at RegistrationTest.tearDown(RegistrationTest.java:45)
at RegistrationTest.tearDown(RegistrationTest.java:45)
at RegistrationTest.tearDown(RegistrationTest.java:45)
at RegistrationTest.tearDown(RegistrationTest.java:45)
at RegistrationTest.tearDown(RegistrationTest.java:45)
at RegistrationTest.tearDown(RegistrationTest.java:45)
at RegistrationTest.tearDown(RegistrationTest.java:45)
at RegistrationTest.tearDown(RegistrationTest.java:45)
at RegistrationTest.tearDown(RegistrationTest.java:45)
at RegistrationTest.tearDown(RegistrationTest.java:45)
at RegistrationTest.tearDown(RegistrationTest.java:45)
at RegistrationTest.tearDown(RegistrationTest.java:45)
at RegistrationTest.tearDown(RegistrationTest.java:45)
at RegistrationTest.tearDown(RegistrationTest.java:45)
at RegistrationTest.tearDown(RegistrationTest.java:45)
at RegistrationTest.tearDown(RegistrationTest.java:45)
at RegistrationTest.tearDown(RegistrationTest.java:45)
at RegistrationTest.tearDown(RegistrationTest.java:45)
at RegistrationTest.tearDown(RegistrationTest.java:45)
at RegistrationTest.tearDown(RegistrationTest.java:45)
at RegistrationTest.tearDown(RegistrationTest.java:45)
at RegistrationTest.tearDown(RegistrationTest.java:45)
at RegistrationTest.tearDown(RegistrationTest.java:45)
at RegistrationTest.tearDown(RegistrationTest.java:45)
at RegistrationTest.tearDown(RegistrationTest.java:45)
at RegistrationTest.tearDown(RegistrationTest.java:45)
at RegistrationTest.tearDown(RegistrationTest.java:45)
at RegistrationTest.tearDown(RegistrationTest.java:45)
at RegistrationTest.tearDown(RegistrationTest.java:45)
at RegistrationTest.tearDown(RegistrationTest.java:45)
at RegistrationTest.tearDown(RegistrationTest.java:45)
at RegistrationTest.tearDown(RegistrationTest.java:45)
at RegistrationTest.tearDown(RegistrationTest.java:45)
at RegistrationTest.tearDown(RegistrationTest.java:45)
at RegistrationTest.tearDown(RegistrationTest.java:45)
at RegistrationTest.tearDown(RegistrationTest.java:45)
at RegistrationTest.tearDown(RegistrationTest.java:45)
at RegistrationTest.tearDown(RegistrationTest.java:45)
at RegistrationTest.tearDown(RegistrationTest.java:45)
at RegistrationTest.tearDown(RegistrationTest.java:45)
at RegistrationTest.tearDown(RegistrationTest.java:45)
at RegistrationTest.tearDown(RegistrationTest.java:45)
at RegistrationTest.tearDown(RegistrationTest.java:45)
at RegistrationTest.tearDown(RegistrationTest.java:45)
at RegistrationTest.tearDown(RegistrationTest.java:45)
at RegistrationTest.tearDown(RegistrationTest.java:45)
at RegistrationTest.tearDown(RegistrationTest.java:45)
at RegistrationTest.tearDown(RegistrationTest.java:45)
at RegistrationTest.tearDown(RegistrationTest.java:45)
at RegistrationTest.tearDown(RegistrationTest.java:45)
at RegistrationTest.tearDown(RegistrationTest.java:45)
at RegistrationTest.tearDown(RegistrationTest.java:45)
at RegistrationTest.tearDown(RegistrationTest.java:45)
at RegistrationTest.tearDown(RegistrationTest.java:45)
at RegistrationTest.tearDown(RegistrationTest.java:45)
at RegistrationTest.tearDown(RegistrationTest.java:45)
at RegistrationTest.tearDown(RegistrationTest.java:45)
at RegistrationTest.tearDown(RegistrationTest.java:45)
at RegistrationTest.tearDown(RegistrationTest.java:45)
at RegistrationTest.tearDown(RegistrationTest.java:45)
at RegistrationTest.tearDown(RegistrationTest.java:45)
at RegistrationTest.tearDown(RegistrationTest.java:45)
at RegistrationTest.tearDown(RegistrationTest.java:45)
at RegistrationTest.tearDown(RegistrationTest.java:45)
at RegistrationTest.tearDown(RegistrationTest.java:45)
at RegistrationTest.tearDown(RegistrationTest.java:45)
at RegistrationTest.tearDown(RegistrationTest.java:45)
at RegistrationTest.tearDown(RegistrationTest.java:45)
at RegistrationTest.tearDown(RegistrationTest.java:45)
at RegistrationTest.tearDown(RegistrationTest.java:45)
at RegistrationTest.tearDown(RegistrationTest.java:45)
at RegistrationTest.tearDown(RegistrationTest.java:45)
at RegistrationTest.tearDown(RegistrationTest.java:45)
at RegistrationTest.tearDown(RegistrationTest.java:45)
at RegistrationTest.tearDown(RegistrationTest.java:45)
at RegistrationTest.tearDown(RegistrationTest.java:45)
at RegistrationTest.tearDown(RegistrationTest.java:45)
at RegistrationTest.tearDown(RegistrationTest.java:45)
at RegistrationTest.tearDown(RegistrationTest.java:45)
at RegistrationTest.tearDown(RegistrationTest.java:45)
at RegistrationTest.tearDown(RegistrationTest.java:45)
at RegistrationTest.tearDown(RegistrationTest.java:45)
at RegistrationTest.tearDown(RegistrationTest.java:45)
at RegistrationTest.tearDown(RegistrationTest.java:45)
at RegistrationTest.tearDown(RegistrationTest.java:45)
at RegistrationTest.tearDown(RegistrationTest.java:45)
at RegistrationTest.tearDown(RegistrationTest.java:45)
at RegistrationTest.tearDown(RegistrationTest.java:45)
at RegistrationTest.tearDown(RegistrationTest.java:45)
at RegistrationTest.tearDown(RegistrationTest.java:45)
at RegistrationTest.tearDown(RegistrationTest.java:45)
at RegistrationTest.tearDown(RegistrationTest.java:45)
at RegistrationTest.tearDown(RegistrationTest.java:45)
at RegistrationTest.tearDown(RegistrationTest.java:45)
at RegistrationTest.tearDown(RegistrationTest.java:45)
at RegistrationTest.tearDown(RegistrationTest.java:45)
at RegistrationTest.tearDown(RegistrationTest.java:45)
at RegistrationTest.tearDown(RegistrationTest.java:45)
at RegistrationTest.tearDown(RegistrationTest.java:45)
at RegistrationTest.tearDown(RegistrationTest.java:45)
at RegistrationTest.tearDown(RegistrationTest.java:45)
at RegistrationTest.tearDown(RegistrationTest.java:45)
at RegistrationTest.tearDown(RegistrationTest.java:45)
at RegistrationTest.tearDown(RegistrationTest.java:45)
at RegistrationTest.tearDown(RegistrationTest.java:45)
at RegistrationTest.tearDown(RegistrationTest.java:45)
at RegistrationTest.tearDown(RegistrationTest.java:45)
at RegistrationTest.tearDown(RegistrationTest.java:45)
at RegistrationTest.tearDown(RegistrationTest.java:45)
at RegistrationTest.tearDown(RegistrationTest.java:45)
at RegistrationTest.tearDown(RegistrationTest.java:45)
at RegistrationTest.tearDown(RegistrationTest.java:45)
at RegistrationTest.tearDown(RegistrationTest.java:45)
at RegistrationTest.tearDown(RegistrationTest.java:45)
at RegistrationTest.tearDown(RegistrationTest.java:45)
at RegistrationTest.tearDown(RegistrationTest.java:45)
at RegistrationTest.tearDown(RegistrationTest.java:45)
at RegistrationTest.tearDown(RegistrationTest.java:45)
at RegistrationTest.tearDown(RegistrationTest.java:45)
at RegistrationTest.tearDown(RegistrationTest.java:45)
at RegistrationTest.tearDown(RegistrationTest.java:45)
at RegistrationTest.tearDown(RegistrationTest.java:45)
at RegistrationTest.tearDown(RegistrationTest.java:45)
at RegistrationTest.tearDown(RegistrationTest.java:45)
at RegistrationTest.tearDown(RegistrationTest.java:45)
at RegistrationTest.tearDown(RegistrationTest.java:45)
at RegistrationTest.tearDown(RegistrationTest.java:45)
at RegistrationTest.tearDown(RegistrationTest.java:45)
at RegistrationTest.tearDown(RegistrationTest.java:45)
at RegistrationTest.tearDown(RegistrationTest.java:45)
at RegistrationTest.tearDown(RegistrationTest.java:45)
at RegistrationTest.tearDown(RegistrationTest.java:45)
at RegistrationTest.tearDown(RegistrationTest.java:45)
at RegistrationTest.tearDown(RegistrationTest.java:45)
at RegistrationTest.tearDown(RegistrationTest.java:45)
at RegistrationTest.tearDown(RegistrationTest.java:45)
at RegistrationTest.tearDown(RegistrationTest.java:45)
at RegistrationTest.tearDown(RegistrationTest.java:45)
at RegistrationTest.tearDown(RegistrationTest.java:45)
at RegistrationTest.tearDown(RegistrationTest.java:45)
at RegistrationTest.tearDown(RegistrationTest.java:45)
at RegistrationTest.tearDown(RegistrationTest.java:45)
at RegistrationTest.tearDown(RegistrationTest.java:45)
at RegistrationTest.tearDown(RegistrationTest.java:45)
at RegistrationTest.tearDown(RegistrationTest.java:45)
at RegistrationTest.tearDown(RegistrationTest.java:45)
at RegistrationTest.tearDown(RegistrationTest.java:45)
at RegistrationTest.tearDown(RegistrationTest.java:45)
at RegistrationTest.tearDown(RegistrationTest.java:45)
at RegistrationTest.tearDown(RegistrationTest.java:45)
at RegistrationTest.tearDown(RegistrationTest.java:45)
at RegistrationTest.tearDown(RegistrationTest.java:45)
at RegistrationTest.tearDown(RegistrationTest.java:45)
at RegistrationTest.tearDown(RegistrationTest.java:45)
at RegistrationTest.tearDown(RegistrationTest.java:45)
at RegistrationTest.tearDown(RegistrationTest.java:45)
at RegistrationTest.tearDown(RegistrationTest.java:45)
at RegistrationTest.tearDown(RegistrationTest.java:45)
at RegistrationTest.tearDown(RegistrationTest.java:45)
at RegistrationTest.tearDown(RegistrationTest.java:45)
at RegistrationTest.tearDown(RegistrationTest.java:45)
at RegistrationTest.tearDown(RegistrationTest.java:45)
at RegistrationTest.tearDown(RegistrationTest.java:45)
at RegistrationTest.tearDown(RegistrationTest.java:45)
at RegistrationTest.tearDown(RegistrationTest.java:45)
at RegistrationTest.tearDown(RegistrationTest.java:45)
at RegistrationTest.tearDown(RegistrationTest.java:45)
at RegistrationTest.tearDown(RegistrationTest.java:45)
at RegistrationTest.tearDown(RegistrationTest.java:45)
at RegistrationTest.tearDown(RegistrationTest.java:45)
at RegistrationTest.tearDown(RegistrationTest.java:45)
at RegistrationTest.tearDown(RegistrationTest.java:45)
at RegistrationTest.tearDown(RegistrationTest.java:45)
at RegistrationTest.tearDown(RegistrationTest.java:45)
at RegistrationTest.tearDown(RegistrationTest.java:45)
at RegistrationTest.tearDown(RegistrationTest.java:45)
at RegistrationTest.tearDown(RegistrationTest.java:45)
at RegistrationTest.tearDown(RegistrationTest.java:45)
at RegistrationTest.tearDown(RegistrationTest.java:45)
at RegistrationTest.tearDown(RegistrationTest.java:45)
at RegistrationTest.tearDown(RegistrationTest.java:45)
at RegistrationTest.tearDown(RegistrationTest.java:45)
at RegistrationTest.tearDown(RegistrationTest.java:45)
at RegistrationTest.tearDown(RegistrationTest.java:45)
at RegistrationTest.tearDown(RegistrationTest.java:45)
at RegistrationTest.tearDown(RegistrationTest.java:45)
at RegistrationTest.tearDown(RegistrationTest.java:45)
at RegistrationTest.tearDown(RegistrationTest.java:45)
at RegistrationTest.tearDown(RegistrationTest.java:45)
at RegistrationTest.tearDown(RegistrationTest.java:45)
at RegistrationTest.tearDown(RegistrationTest.java:45)
at RegistrationTest.tearDown(RegistrationTest.java:45)
at RegistrationTest.tearDown(RegistrationTest.java:45)
at RegistrationTest.tearDown(RegistrationTest.java:45)
at RegistrationTest.tearDown(RegistrationTest.java:45)
at RegistrationTest.tearDown(RegistrationTest.java:45)
at RegistrationTest.tearDown(RegistrationTest.java:45)
at RegistrationTest.tearDown(RegistrationTest.java:45)
at RegistrationTest.tearDown(RegistrationTest.java:45)
at RegistrationTest.tearDown(RegistrationTest.java:45)
at RegistrationTest.tearDown(RegistrationTest.java:45)
at RegistrationTest.tearDown(RegistrationTest.java:45)
at RegistrationTest.tearDown(RegistrationTest.java:45)
at RegistrationTest.tearDown(RegistrationTest.java:45)
at RegistrationTest.tearDown(RegistrationTest.java:45)
at RegistrationTest.tearDown(RegistrationTest.java:45)
at RegistrationTest.tearDown(RegistrationTest.java:45)
at RegistrationTest.tearDown(RegistrationTest.java:45)
at RegistrationTest.tearDown(RegistrationTest.java:45)
at RegistrationTest.tearDown(RegistrationTest.java:45)
at RegistrationTest.tearDown(RegistrationTest.java:45)
at RegistrationTest.tearDown(RegistrationTest.java:45)
at RegistrationTest.tearDown(RegistrationTest.java:45)
at RegistrationTest.tearDown(RegistrationTest.java:45)
at RegistrationTest.tearDown(RegistrationTest.java:45)
at RegistrationTest.tearDown(RegistrationTest.java:45)
at RegistrationTest.tearDown(RegistrationTest.java:45)
at RegistrationTest.tearDown(RegistrationTest.java:45)
at RegistrationTest.tearDown(RegistrationTest.java:45)
at RegistrationTest.tearDown(RegistrationTest.java:45)
at RegistrationTest.tearDown(RegistrationTest.java:45)
at RegistrationTest.tearDown(RegistrationTest.java:45)
at RegistrationTest.tearDown(RegistrationTest.java:45)
at RegistrationTest.tearDown(RegistrationTest.java:45)
at RegistrationTest.tearDown(RegistrationTest.java:45)
at RegistrationTest.tearDown(RegistrationTest.java:45)
at RegistrationTest.tearDown(RegistrationTest.java:45)
at RegistrationTest.tearDown(RegistrationTest.java:45)
at RegistrationTest.tearDown(RegistrationTest.java:45)
at RegistrationTest.tearDown(RegistrationTest.java:45)
at RegistrationTest.tearDown(RegistrationTest.java:45)
at RegistrationTest.tearDown(RegistrationTest.java:45)
at RegistrationTest.tearDown(RegistrationTest.java:45)
at RegistrationTest.tearDown(RegistrationTest.java:45)
at RegistrationTest.tearDown(RegistrationTest.java:45)
at RegistrationTest.tearDown(RegistrationTest.java:45)
at RegistrationTest.tearDown(RegistrationTest.java:45)
at RegistrationTest.tearDown(RegistrationTest.java:45)
at RegistrationTest.tearDown(RegistrationTest.java:45)
at RegistrationTest.tearDown(RegistrationTest.java:45)
at RegistrationTest.tearDown(RegistrationTest.java:45)
at RegistrationTest.tearDown(RegistrationTest.java:45)
at RegistrationTest.tearDown(RegistrationTest.java:45)
at RegistrationTest.tearDown(RegistrationTest.java:45)
at RegistrationTest.tearDown(RegistrationTest.java:45)
at RegistrationTest.tearDown(RegistrationTest.java:45)
at RegistrationTest.tearDown(RegistrationTest.java:45)
at RegistrationTest.tearDown(RegistrationTest.java:45)
at RegistrationTest.tearDown(RegistrationTest.java:45)
at RegistrationTest.tearDown(RegistrationTest.java:45)
at RegistrationTest.tearDown(RegistrationTest.java:45)
at RegistrationTest.tearDown(RegistrationTest.java:45)
at RegistrationTest.tearDown(RegistrationTest.java:45)
at RegistrationTest.tearDown(RegistrationTest.java:45)
at RegistrationTest.tearDown(RegistrationTest.java:45)
at RegistrationTest.tearDown(RegistrationTest.java:45)
at RegistrationTest.tearDown(RegistrationTest.java:45)
at RegistrationTest.tearDown(RegistrationTest.java:45)
at RegistrationTest.tearDown(RegistrationTest.java:45)
at RegistrationTest.tearDown(RegistrationTest.java:45)
at RegistrationTest.tearDown(RegistrationTest.java:45)
at RegistrationTest.tearDown(RegistrationTest.java:45)
at RegistrationTest.tearDown(RegistrationTest.java:45)
at RegistrationTest.tearDown(RegistrationTest.java:45)
at RegistrationTest.tearDown(RegistrationTest.java:45)
at RegistrationTest.tearDown(RegistrationTest.java:45)
at RegistrationTest.tearDown(RegistrationTest.java:45)
at RegistrationTest.tearDown(RegistrationTest.java:45)
at RegistrationTest.tearDown(RegistrationTest.java:45)
at RegistrationTest.tearDown(RegistrationTest.java:45)
at RegistrationTest.tearDown(RegistrationTest.java:45)
at RegistrationTest.tearDown(RegistrationTest.java:45)
at RegistrationTest.tearDown(RegistrationTest.java:45)
at RegistrationTest.tearDown(RegistrationTest.java:45)
at RegistrationTest.tearDown(RegistrationTest.java:45)
at RegistrationTest.tearDown(RegistrationTest.java:45)
at RegistrationTest.tearDown(RegistrationTest.java:45)
at RegistrationTest.tearDown(RegistrationTest.java:45)
at RegistrationTest.tearDown(RegistrationTest.java:45)
at RegistrationTest.tearDown(RegistrationTest.java:45)
at RegistrationTest.tearDown(RegistrationTest.java:45)
at RegistrationTest.tearDown(RegistrationTest.java:45)
at RegistrationTest.tearDown(RegistrationTest.java:45)
at RegistrationTest.tearDown(RegistrationTest.java:45)
at RegistrationTest.tearDown(RegistrationTest.java:45)
at RegistrationTest.tearDown(RegistrationTest.java:45)
at RegistrationTest.tearDown(RegistrationTest.java:45)
at RegistrationTest.tearDown(RegistrationTest.java:45)
at RegistrationTest.tearDown(RegistrationTest.java:45)
at RegistrationTest.tearDown(RegistrationTest.java:45)
at RegistrationTest.tearDown(RegistrationTest.java:45)
at RegistrationTest.tearDown(RegistrationTest.java:45)
at RegistrationTest.tearDown(RegistrationTest.java:45)
at RegistrationTest.tearDown(RegistrationTest.java:45)
at RegistrationTest.tearDown(RegistrationTest.java:45)
at RegistrationTest.tearDown(RegistrationTest.java:45)
at RegistrationTest.tearDown(RegistrationTest.java:45)
at RegistrationTest.tearDown(RegistrationTest.java:45)
at RegistrationTest.tearDown(RegistrationTest.java:45)
at RegistrationTest.tearDown(RegistrationTest.java:45)
at RegistrationTest.tearDown(RegistrationTest.java:45)
at RegistrationTest.tearDown(RegistrationTest.java:45)
at RegistrationTest.tearDown(RegistrationTest.java:45)
at RegistrationTest.tearDown(RegistrationTest.java:45)
at RegistrationTest.tearDown(RegistrationTest.java:45)
at RegistrationTest.tearDown(RegistrationTest.java:45)
at RegistrationTest.tearDown(RegistrationTest.java:45)
at RegistrationTest.tearDown(RegistrationTest.java:45)
at RegistrationTest.tearDown(RegistrationTest.java:45)
at RegistrationTest.tearDown(RegistrationTest.java:45)
at RegistrationTest.tearDown(RegistrationTest.java:45)
at RegistrationTest.tearDown(RegistrationTest.java:45)
at RegistrationTest.tearDown(RegistrationTest.java:45)
at RegistrationTest.tearDown(RegistrationTest.java:45)
at RegistrationTest.tearDown(RegistrationTest.java:45)
at RegistrationTest.tearDown(RegistrationTest.java:45)
at RegistrationTest.tearDown(RegistrationTest.java:45)
at RegistrationTest.tearDown(RegistrationTest.java:45)
at RegistrationTest.tearDown(RegistrationTest.java:45)
at RegistrationTest.tearDown(RegistrationTest.java:45)
at RegistrationTest.tearDown(RegistrationTest.java:45)
at RegistrationTest.tearDown(RegistrationTest.java:45)
at RegistrationTest.tearDown(RegistrationTest.java:45)
at RegistrationTest.tearDown(RegistrationTest.java:45)
at RegistrationTest.tearDown(RegistrationTest.java:45)
at RegistrationTest.tearDown(RegistrationTest.java:45)
at RegistrationTest.tearDown(RegistrationTest.java:45)
at RegistrationTest.tearDown(RegistrationTest.java:45)
at RegistrationTest.tearDown(RegistrationTest.java:45)
at RegistrationTest.tearDown(RegistrationTest.java:45)
at RegistrationTest.tearDown(RegistrationTest.java:45)
at RegistrationTest.tearDown(RegistrationTest.java:45)
at RegistrationTest.tearDown(RegistrationTest.java:45)
at RegistrationTest.tearDown(RegistrationTest.java:45)
at RegistrationTest.tearDown(RegistrationTest.java:45)
at RegistrationTest.tearDown(RegistrationTest.java:45)
at RegistrationTest.tearDown(RegistrationTest.java:45)
at RegistrationTest.tearDown(RegistrationTest.java:45)
at RegistrationTest.tearDown(RegistrationTest.java:45)
at RegistrationTest.tearDown(RegistrationTest.java:45)
at RegistrationTest.tearDown(RegistrationTest.java:45)
at RegistrationTest.tearDown(RegistrationTest.java:45)
at RegistrationTest.tearDown(RegistrationTest.java:45)
at RegistrationTest.tearDown(RegistrationTest.java:45)
at RegistrationTest.tearDown(RegistrationTest.java:45)
at RegistrationTest.tearDown(RegistrationTest.java:45)
at RegistrationTest.tearDown(RegistrationTest.java:45)
at RegistrationTest.tearDown(RegistrationTest.java:45)
at RegistrationTest.tearDown(RegistrationTest.java:45)
at RegistrationTest.tearDown(RegistrationTest.java:45)
at RegistrationTest.tearDown(RegistrationTest.java:45)
at RegistrationTest.tearDown(RegistrationTest.java:45)
at RegistrationTest.tearDown(RegistrationTest.java:45)
at RegistrationTest.tearDown(RegistrationTest.java:45)
at RegistrationTest.tearDown(RegistrationTest.java:45)
at RegistrationTest.tearDown(RegistrationTest.java:45)
at RegistrationTest.tearDown(RegistrationTest.java:45)
at RegistrationTest.tearDown(RegistrationTest.java:45)
at RegistrationTest.tearDown(RegistrationTest.java:45)
at RegistrationTest.tearDown(RegistrationTest.java:45)
at RegistrationTest.tearDown(RegistrationTest.java:45)
at RegistrationTest.tearDown(RegistrationTest.java:45)
at RegistrationTest.tearDown(RegistrationTest.java:45)
at RegistrationTest.tearDown(RegistrationTest.java:45)
at RegistrationTest.tearDown(RegistrationTest.java:45)
at RegistrationTest.tearDown(RegistrationTest.java:45)
at RegistrationTest.tearDown(RegistrationTest.java:45)
at RegistrationTest.tearDown(RegistrationTest.java:45)
at RegistrationTest.tearDown(RegistrationTest.java:45)
at RegistrationTest.tearDown(RegistrationTest.java:45)
at RegistrationTest.tearDown(RegistrationTest.java:45)
at RegistrationTest.tearDown(RegistrationTest.java:45)
at RegistrationTest.tearDown(RegistrationTest.java:45)
at RegistrationTest.tearDown(RegistrationTest.java:45)
at RegistrationTest.tearDown(RegistrationTest.java:45)
at RegistrationTest.tearDown(RegistrationTest.java:45)
at RegistrationTest.tearDown(RegistrationTest.java:45)
at RegistrationTest.tearDown(RegistrationTest.java:45)
at RegistrationTest.tearDown(RegistrationTest.java:45)
at RegistrationTest.tearDown(RegistrationTest.java:45)
at RegistrationTest.tearDown(RegistrationTest.java:45)
at RegistrationTest.tearDown(RegistrationTest.java:45)
at RegistrationTest.tearDown(RegistrationTest.java:45)
at RegistrationTest.tearDown(RegistrationTest.java:45)
at RegistrationTest.tearDown(RegistrationTest.java:45)
at RegistrationTest.tearDown(RegistrationTest.java:45)
at RegistrationTest.tearDown(RegistrationTest.java:45)
at RegistrationTest.tearDown(RegistrationTest.java:45)
at RegistrationTest.tearDown(RegistrationTest.java:45)
at RegistrationTest.tearDown(RegistrationTest.java:45)
at RegistrationTest.tearDown(RegistrationTest.java:45)
at RegistrationTest.tearDown(RegistrationTest.java:45)
at RegistrationTest.tearDown(RegistrationTest.java:45)
at RegistrationTest.tearDown(RegistrationTest.java:45)
at RegistrationTest.tearDown(RegistrationTest.java:45)
at RegistrationTest.tearDown(RegistrationTest.java:45)
at RegistrationTest.tearDown(RegistrationTest.java:45)
at RegistrationTest.tearDown(RegistrationTest.java:45)
at RegistrationTest.tearDown(RegistrationTest.java:45)
at RegistrationTest.tearDown(RegistrationTest.java:45)
at RegistrationTest.tearDown(RegistrationTest.java:45)
at RegistrationTest.tearDown(RegistrationTest.java:45)
at RegistrationTest.tearDown(RegistrationTest.java:45)
at RegistrationTest.tearDown(RegistrationTest.java:45)
at RegistrationTest.tearDown(RegistrationTest.java:45)
at RegistrationTest.tearDown(RegistrationTest.java:45)
at RegistrationTest.tearDown(RegistrationTest.java:45)
at RegistrationTest.tearDown(RegistrationTest.java:45)
at RegistrationTest.tearDown(RegistrationTest.java:45)
at RegistrationTest.tearDown(RegistrationTest.java:45)
at RegistrationTest.tearDown(RegistrationTest.java:45)
at RegistrationTest.tearDown(RegistrationTest.java:45)
at RegistrationTest.tearDown(RegistrationTest.java:45)
at RegistrationTest.tearDown(RegistrationTest.java:45)
at RegistrationTest.tearDown(RegistrationTest.java:45)
at RegistrationTest.tearDown(RegistrationTest.java:45)
at RegistrationTest.tearDown(RegistrationTest.java:45)
at RegistrationTest.tearDown(RegistrationTest.java:45)
at RegistrationTest.tearDown(RegistrationTest.java:45)
at RegistrationTest.tearDown(RegistrationTest.java:45)
at RegistrationTest.tearDown(RegistrationTest.java:45)
at RegistrationTest.tearDown(RegistrationTest.java:45)
at RegistrationTest.tearDown(RegistrationTest.java:45)
at RegistrationTest.tearDown(RegistrationTest.java:45)
at RegistrationTest.tearDown(RegistrationTest.java:45)
at RegistrationTest.tearDown(RegistrationTest.java:45)
at RegistrationTest.tearDown(RegistrationTest.java:45)
at RegistrationTest.tearDown(RegistrationTest.java:45)
at RegistrationTest.tearDown(RegistrationTest.java:45)
at RegistrationTest.tearDown(RegistrationTest.java:45)
at RegistrationTest.tearDown(RegistrationTest.java:45)
at RegistrationTest.tearDown(RegistrationTest.java:45)
at RegistrationTest.tearDown(RegistrationTest.java:45)
at RegistrationTest.tearDown(RegistrationTest.java:45)
at RegistrationTest.tearDown(RegistrationTest.java:45)
at RegistrationTest.tearDown(RegistrationTest.java:45)
at RegistrationTest.tearDown(RegistrationTest.java:45)
at RegistrationTest.tearDown(RegistrationTest.java:45)
at RegistrationTest.tearDown(RegistrationTest.java:45)
at RegistrationTest.tearDown(RegistrationTest.java:45)
at RegistrationTest.tearDown(RegistrationTest.java:45)
at RegistrationTest.tearDown(RegistrationTest.java:45)
at RegistrationTest.tearDown(RegistrationTest.java:45)
at RegistrationTest.tearDown(RegistrationTest.java:45)
at RegistrationTest.tearDown(RegistrationTest.java:45)
at RegistrationTest.tearDown(RegistrationTest.java:45)
at RegistrationTest.tearDown(RegistrationTest.java:45)
at RegistrationTest.tearDown(RegistrationTest.java:45)
at RegistrationTest.tearDown(RegistrationTest.java:45)
at RegistrationTest.tearDown(RegistrationTest.java:45)
at RegistrationTest.tearDown(RegistrationTest.java:45)
at RegistrationTest.tearDown(RegistrationTest.java:45)
at RegistrationTest.tearDown(RegistrationTest.java:45)
at RegistrationTest.tearDown(RegistrationTest.java:45)
at RegistrationTest.tearDown(RegistrationTest.java:45)
at RegistrationTest.tearDown(RegistrationTest.java:45)
at RegistrationTest.tearDown(RegistrationTest.java:45)
at RegistrationTest.tearDown(RegistrationTest.java:45)
at RegistrationTest.tearDown(RegistrationTest.java:45)
at RegistrationTest.tearDown(RegistrationTest.java:45)
at RegistrationTest.tearDown(RegistrationTest.java:45)
at RegistrationTest.tearDown(RegistrationTest.java:45)
at RegistrationTest.tearDown(RegistrationTest.java:45)
at RegistrationTest.tearDown(RegistrationTest.java:45)
at RegistrationTest.tearDown(RegistrationTest.java:45)
at RegistrationTest.tearDown(RegistrationTest.java:45)
at RegistrationTest.tearDown(RegistrationTest.java:45)
at RegistrationTest.tearDown(RegistrationTest.java:45)
at RegistrationTest.tearDown(RegistrationTest.java:45)
at RegistrationTest.tearDown(RegistrationTest.java:45)
at RegistrationTest.tearDown(RegistrationTest.java:45)
at RegistrationTest.tearDown(RegistrationTest.java:45)
at RegistrationTest.tearDown(RegistrationTest.java:45)
at RegistrationTest.tearDown(RegistrationTest.java:45)
at RegistrationTest.tearDown(RegistrationTest.java:45)
at RegistrationTest.tearDown(RegistrationTest.java:45)
at RegistrationTest.tearDown(RegistrationTest.java:45)
at RegistrationTest.tearDown(RegistrationTest.java:45)
at RegistrationTest.tearDown(RegistrationTest.java:45)
at RegistrationTest.tearDown(RegistrationTest.java:45)
at RegistrationTest.tearDown(RegistrationTest.java:45)
at RegistrationTest.tearDown(RegistrationTest.java:45)
at RegistrationTest.tearDown(RegistrationTest.java:45)
at RegistrationTest.tearDown(RegistrationTest.java:45)
at RegistrationTest.tearDown(RegistrationTest.java:45)
at RegistrationTest.tearDown(RegistrationTest.java:45)
at RegistrationTest.tearDown(RegistrationTest.java:45)
at RegistrationTest.tearDown(RegistrationTest.java:45)
at RegistrationTest.tearDown(RegistrationTest.java:45)
at RegistrationTest.tearDown(RegistrationTest.java:45)
at RegistrationTest.tearDown(RegistrationTest.java:45)
at RegistrationTest.tearDown(RegistrationTest.java:45)
at RegistrationTest.tearDown(RegistrationTest.java:45)
at RegistrationTest.tearDown(RegistrationTest.java:45)
at RegistrationTest.tearDown(RegistrationTest.java:45)
at RegistrationTest.tearDown(RegistrationTest.java:45)
at RegistrationTest.tearDown(RegistrationTest.java:45)
at RegistrationTest.tearDown(RegistrationTest.java:45)
at RegistrationTest.tearDown(RegistrationTest.java:45)
at RegistrationTest.tearDown(RegistrationTest.java:45)
at RegistrationTest.tearDown(RegistrationTest.java:45)
at RegistrationTest.tearDown(RegistrationTest.java:45)
at RegistrationTest.tearDown(RegistrationTest.java:45)
at RegistrationTest.tearDown(RegistrationTest.java:45)
at RegistrationTest.tearDown(RegistrationTest.java:45)
at RegistrationTest.tearDown(RegistrationTest.java:45)
at RegistrationTest.tearDown(RegistrationTest.java:45)
at RegistrationTest.tearDown(RegistrationTest.java:45)
at RegistrationTest.tearDown(RegistrationTest.java:45)
at RegistrationTest.tearDown(RegistrationTest.java:45)
at RegistrationTest.tearDown(RegistrationTest.java:45)
at RegistrationTest.tearDown(RegistrationTest.java:45)
at RegistrationTest.tearDown(RegistrationTest.java:45)
at RegistrationTest.tearDown(RegistrationTest.java:45)
at RegistrationTest.tearDown(RegistrationTest.java:45)
at RegistrationTest.tearDown(RegistrationTest.java:45)
at RegistrationTest.tearDown(RegistrationTest.java:45)
at RegistrationTest.tearDown(RegistrationTest.java:45)
at RegistrationTest.tearDown(RegistrationTest.java:45)
at RegistrationTest.tearDown(RegistrationTest.java:45)
at RegistrationTest.tearDown(RegistrationTest.java:45)
at RegistrationTest.tearDown(RegistrationTest.java:45)
at RegistrationTest.tearDown(RegistrationTest.java:45)
at RegistrationTest.tearDown(RegistrationTest.java:45)
at RegistrationTest.tearDown(RegistrationTest.java:45)
at RegistrationTest.tearDown(RegistrationTest.java:45)
at RegistrationTest.tearDown(RegistrationTest.java:45)
at RegistrationTest.tearDown(RegistrationTest.java:45)
at RegistrationTest.tearDown(RegistrationTest.java:45)
at RegistrationTest.tearDown(RegistrationTest.java:45)
at RegistrationTest.tearDown(RegistrationTest.java:45)
at RegistrationTest.tearDown(RegistrationTest.java:45)
at RegistrationTest.tearDown(RegistrationTest.java:45)
at RegistrationTest.tearDown(RegistrationTest.java:45)
at RegistrationTest.tearDown(RegistrationTest.java:45)
at RegistrationTest.tearDown(RegistrationTest.java:45)
at RegistrationTest.tearDown(RegistrationTest.java:45)
at RegistrationTest.tearDown(RegistrationTest.java:45)
at RegistrationTest.tearDown(RegistrationTest.java:45)
at RegistrationTest.tearDown(RegistrationTest.java:45)
at RegistrationTest.tearDown(RegistrationTest.java:45)
at RegistrationTest.tearDown(RegistrationTest.java:45)
at RegistrationTest.tearDown(RegistrationTest.java:45)
at RegistrationTest.tearDown(RegistrationTest.java:45)
at RegistrationTest.tearDown(RegistrationTest.java:45)
at RegistrationTest.tearDown(RegistrationTest.java:45)
at RegistrationTest.tearDown(RegistrationTest.java:45)
at RegistrationTest.tearDown(RegistrationTest.java:45)
at RegistrationTest.tearDown(RegistrationTest.java:45)
at RegistrationTest.tearDown(RegistrationTest.java:45)
at RegistrationTest.tearDown(RegistrationTest.java:45)
at RegistrationTest.tearDown(RegistrationTest.java:45)
at RegistrationTest.tearDown(RegistrationTest.java:45)
at RegistrationTest.tearDown(RegistrationTest.java:45)
at RegistrationTest.tearDown(RegistrationTest.java:45)
at RegistrationTest.tearDown(RegistrationTest.java:45)
at RegistrationTest.tearDown(RegistrationTest.java:45)
at RegistrationTest.tearDown(RegistrationTest.java:45)
at RegistrationTest.tearDown(RegistrationTest.java:45)
at RegistrationTest.tearDown(RegistrationTest.java:45)
at RegistrationTest.tearDown(RegistrationTest.java:45)
at RegistrationTest.tearDown(RegistrationTest.java:45)
at RegistrationTest.tearDown(RegistrationTest.java:45)
at RegistrationTest.tearDown(RegistrationTest.java:45)
at RegistrationTest.tearDown(RegistrationTest.java:45)
at RegistrationTest.tearDown(RegistrationTest.java:45)
at RegistrationTest.tearDown(RegistrationTest.java:45)
at RegistrationTest.tearDown(RegistrationTest.java:45)
at RegistrationTest.tearDown(RegistrationTest.java:45)
at RegistrationTest.tearDown(RegistrationTest.java:45)
at RegistrationTest.tearDown(RegistrationTest.java:45)
at RegistrationTest.tearDown(RegistrationTest.java:45)
at RegistrationTest.tearDown(RegistrationTest.java:45)
at RegistrationTest.tearDown(RegistrationTest.java:45)
at RegistrationTest.tearDown(RegistrationTest.java:45)
at RegistrationTest.tearDown(RegistrationTest.java:45)
at RegistrationTest.tearDown(RegistrationTest.java:45)
at RegistrationTest.tearDown(RegistrationTest.java:45)
at RegistrationTest.tearDown(RegistrationTest.java:45)
at RegistrationTest.tearDown(RegistrationTest.java:45)
at RegistrationTest.tearDown(RegistrationTest.java:45)
at RegistrationTest.tearDown(RegistrationTest.java:45)
at RegistrationTest.tearDown(RegistrationTest.java:45)
at RegistrationTest.tearDown(RegistrationTest.java:45)
at RegistrationTest.tearDown(RegistrationTest.java:45)
at RegistrationTest.tearDown(RegistrationTest.java:45)
at RegistrationTest.tearDown(RegistrationTest.java:45)
at RegistrationTest.tearDown(RegistrationTest.java:45)
at RegistrationTest.tearDown(RegistrationTest.java:45)
at RegistrationTest.tearDown(RegistrationTest.java:45)
at RegistrationTest.tearDown(RegistrationTest.java:45)
at RegistrationTest.tearDown(RegistrationTest.java:45)
at RegistrationTest.tearDown(RegistrationTest.java:45)
at RegistrationTest.tearDown(RegistrationTest.java:45)
at RegistrationTest.tearDown(RegistrationTest.java:45)
at RegistrationTest.tearDown(RegistrationTest.java:45)
at RegistrationTest.tearDown(RegistrationTest.java:45)
at RegistrationTest.tearDown(RegistrationTest.java:45)
at RegistrationTest.tearDown(RegistrationTest.java:45)
at RegistrationTest.tearDown(RegistrationTest.java:45)
at RegistrationTest.tearDown(RegistrationTest.java:45)
at RegistrationTest.tearDown(RegistrationTest.java:45)
at RegistrationTest.tearDown(RegistrationTest.java:45)
at RegistrationTest.tearDown(RegistrationTest.java:45)
at RegistrationTest.tearDown(RegistrationTest.java:45)
at RegistrationTest.tearDown(RegistrationTest.java:45)
at RegistrationTest.tearDown(RegistrationTest.java:45)
at RegistrationTest.tearDown(RegistrationTest.java:45)
at RegistrationTest.tearDown(RegistrationTest.java:45)
at RegistrationTest.tearDown(RegistrationTest.java:45)
at RegistrationTest.tearDown(RegistrationTest.java:45)
at RegistrationTest.tearDown(RegistrationTest.java:45)
at RegistrationTest.tearDown(RegistrationTest.java:45)
at RegistrationTest.tearDown(RegistrationTest.java:45)
at RegistrationTest.tearDown(RegistrationTest.java:45)
at RegistrationTest.tearDown(RegistrationTest.java:45)
at RegistrationTest.tearDown(RegistrationTest.java:45)
at RegistrationTest.tearDown(RegistrationTest.java:45)
at RegistrationTest.tearDown(RegistrationTest.java:45)
at RegistrationTest.tearDown(RegistrationTest.java:45)
at RegistrationTest.tearDown(RegistrationTest.java:45)
at RegistrationTest.tearDown(RegistrationTest.java:45)
at RegistrationTest.tearDown(RegistrationTest.java:45)
at RegistrationTest.tearDown(RegistrationTest.java:45)
at RegistrationTest.tearDown(RegistrationTest.java:45)
at RegistrationTest.tearDown(RegistrationTest.java:45)
at RegistrationTest.tearDown(RegistrationTest.java:45)
at RegistrationTest.tearDown(RegistrationTest.java:45)
at RegistrationTest.tearDown(RegistrationTest.java:45)
at RegistrationTest.tearDown(RegistrationTest.java:45)
at RegistrationTest.tearDown(RegistrationTest.java:45)
at RegistrationTest.tearDown(RegistrationTest.java:45)
at RegistrationTest.tearDown(RegistrationTest.java:45)
at RegistrationTest.tearDown(RegistrationTest.java:45)
at RegistrationTest.tearDown(RegistrationTest.java:45)
at RegistrationTest.tearDown(RegistrationTest.java:45)
at RegistrationTest.tearDown(RegistrationTest.java:45)
at RegistrationTest.tearDown(RegistrationTest.java:45)
at RegistrationTest.tearDown(RegistrationTest.java:45)
at RegistrationTest.tearDown(RegistrationTest.java:45)
at RegistrationTest.tearDown(RegistrationTest.java:45)
at RegistrationTest.tearDown(RegistrationTest.java:45)
at RegistrationTest.tearDown(RegistrationTest.java:45)
at RegistrationTest.tearDown(RegistrationTest.java:45)
at RegistrationTest.tearDown(RegistrationTest.java:45)
at RegistrationTest.tearDown(RegistrationTest.java:45)
at RegistrationTest.tearDown(RegistrationTest.java:45)
at RegistrationTest.tearDown(RegistrationTest.java:45)
at RegistrationTest.tearDown(RegistrationTest.java:45)
at RegistrationTest.tearDown(RegistrationTest.java:45)
at RegistrationTest.tearDown(RegistrationTest.java:45)
at RegistrationTest.tearDown(RegistrationTest.java:45)
at RegistrationTest.tearDown(RegistrationTest.java:45)
at RegistrationTest.tearDown(RegistrationTest.java:45)
at RegistrationTest.tearDown(RegistrationTest.java:45)
at RegistrationTest.tearDown(RegistrationTest.java:45)
at RegistrationTest.tearDown(RegistrationTest.java:45)
at RegistrationTest.tearDown(RegistrationTest.java:45)
at RegistrationTest.tearDown(RegistrationTest.java:45)
at RegistrationTest.tearDown(RegistrationTest.java:45)
at RegistrationTest.tearDown(RegistrationTest.java:45)
at RegistrationTest.tearDown(RegistrationTest.java:45)
at RegistrationTest.tearDown(RegistrationTest.java:45)
at RegistrationTest.tearDown(RegistrationTest.java:45)
at RegistrationTest.tearDown(RegistrationTest.java:45)
at RegistrationTest.tearDown(RegistrationTest.java:45)
at RegistrationTest.tearDown(RegistrationTest.java:45)
at RegistrationTest.tearDown(RegistrationTest.java:45)
at RegistrationTest.tearDown(RegistrationTest.java:45)
at RegistrationTest.tearDown(RegistrationTest.java:45)
at RegistrationTest.tearDown(RegistrationTest.java:45)
at RegistrationTest.tearDown(RegistrationTest.java:45)
at RegistrationTest.tearDown(RegistrationTest.java:45)
at RegistrationTest.tearDown(RegistrationTest.java:45)
at RegistrationTest.tearDown(RegistrationTest.java:45)
at RegistrationTest.tearDown(RegistrationTest.java:45)
at RegistrationTest.tearDown(RegistrationTest.java:45)
at RegistrationTest.tearDown(RegistrationTest.java:45)
at RegistrationTest.tearDown(RegistrationTest.java:45)
at RegistrationTest.tearDown(RegistrationTest.java:45)
at RegistrationTest.tearDown(RegistrationTest.java:45)
at RegistrationTest.tearDown(RegistrationTest.java:45)
at RegistrationTest.tearDown(RegistrationTest.java:45)
at RegistrationTest.tearDown(RegistrationTest.java:45)
at RegistrationTest.tearDown(RegistrationTest.java:45)
at RegistrationTest.tearDown(RegistrationTest.java:45)
at RegistrationTest.tearDown(RegistrationTest.java:45)
at RegistrationTest.tearDown(RegistrationTest.java:45)
at RegistrationTest.tearDown(RegistrationTest.java:45)
at RegistrationTest.tearDown(RegistrationTest.java:45)
at RegistrationTest.tearDown(RegistrationTest.java:45)
at RegistrationTest.tearDown(RegistrationTest.java:45)
at RegistrationTest.tearDown(RegistrationTest.java:45)
at RegistrationTest.tearDown(RegistrationTest.java:45)
at RegistrationTest.tearDown(RegistrationTest.java:45)
at RegistrationTest.tearDown(RegistrationTest.java:45)
at RegistrationTest.tearDown(RegistrationTest.java:45)
at RegistrationTest.tearDown(RegistrationTest.java:45)
at RegistrationTest.tearDown(RegistrationTest.java:45)
at RegistrationTest.tearDown(RegistrationTest.java:45)
at RegistrationTest.tearDown(RegistrationTest.java:45)
at RegistrationTest.tearDown(RegistrationTest.java:45)
at RegistrationTest.tearDown(RegistrationTest.java:45)
at RegistrationTest.tearDown(RegistrationTest.java:45)
at RegistrationTest.tearDown(RegistrationTest.java:45)
at RegistrationTest.tearDown(RegistrationTest.java:45)
at RegistrationTest.tearDown(RegistrationTest.java:45)
at RegistrationTest.tearDown(RegistrationTest.java:45)
at RegistrationTest.tearDown(RegistrationTest.java:45)
at RegistrationTest.tearDown(RegistrationTest.java:45)
at RegistrationTest.tearDown(RegistrationTest.java:45)
at RegistrationTest.tearDown(RegistrationTest.java:45)
at RegistrationTest.tearDown(RegistrationTest.java:45)
at RegistrationTest.tearDown(RegistrationTest.java:45)
at RegistrationTest.tearDown(RegistrationTest.java:45)
at RegistrationTest.tearDown(RegistrationTest.java:45)
at RegistrationTest.tearDown(RegistrationTest.java:45)
at RegistrationTest.tearDown(RegistrationTest.java:45)
at RegistrationTest.tearDown(RegistrationTest.java:45)
at RegistrationTest.tearDown(RegistrationTest.java:45)
at RegistrationTest.tearDown(RegistrationTest.java:45)
at RegistrationTest.tearDown(RegistrationTest.java:45)
at RegistrationTest.tearDown(RegistrationTest.java:45)
at RegistrationTest.tearDown(RegistrationTest.java:45)
at RegistrationTest.tearDown(RegistrationTest.java:45)
at RegistrationTest.tearDown(RegistrationTest.java:45)
at RegistrationTest.tearDown(RegistrationTest.java:45)
at RegistrationTest.tearDown(RegistrationTest.java:45)
at RegistrationTest.tearDown(RegistrationTest.java:45)
at RegistrationTest.tearDown(RegistrationTest.java:45)
at RegistrationTest.tearDown(RegistrationTest.java:45)
at RegistrationTest.tearDown(RegistrationTest.java:45)
at RegistrationTest.tearDown(RegistrationTest.java:45)
at RegistrationTest.tearDown(RegistrationTest.java:45)
at RegistrationTest.tearDown(RegistrationTest.java:45)
at RegistrationTest.tearDown(RegistrationTest.java:45)
at RegistrationTest.tearDown(RegistrationTest.java:45)
at RegistrationTest.tearDown(RegistrationTest.java:45)
at RegistrationTest.tearDown(RegistrationTest.java:45)
at RegistrationTest.tearDown(RegistrationTest.java:45)
at RegistrationTest.tearDown(RegistrationTest.java:45)
at RegistrationTest.tearDown(RegistrationTest.java:45)
at RegistrationTest.tearDown(RegistrationTest.java:45)
at RegistrationTest.tearDown(RegistrationTest.java:45)
at RegistrationTest.tearDown(RegistrationTest.java:45)
at RegistrationTest.tearDown(RegistrationTest.java:45)
at RegistrationTest.tearDown(RegistrationTest.java:45)
at RegistrationTest.tearDown(RegistrationTest.java:45)
at RegistrationTest.tearDown(RegistrationTest.java:45)
at RegistrationTest.tearDown(RegistrationTest.java:45)
at RegistrationTest.tearDown(RegistrationTest.java:45)
at RegistrationTest.tearDown(RegistrationTest.java:45)
at RegistrationTest.tearDown(RegistrationTest.java:45)
at RegistrationTest.tearDown(RegistrationTest.java:45)
at RegistrationTest.tearDown(RegistrationTest.java:45)
at RegistrationTest.tearDown(RegistrationTest.java:45)
at RegistrationTest.tearDown(RegistrationTest.java:45)
at RegistrationTest.tearDown(RegistrationTest.java:45)
at RegistrationTest.tearDown(RegistrationTest.java:45)
at RegistrationTest.tearDown(RegistrationTest.java:45)
at RegistrationTest.tearDown(RegistrationTest.java:45)
at RegistrationTest.tearDown(RegistrationTest.java:45)
at RegistrationTest.tearDown(RegistrationTest.java:45)
at RegistrationTest.tearDown(RegistrationTest.java:45)
at RegistrationTest.tearDown(RegistrationTest.java:45)
at RegistrationTest.tearDown(RegistrationTest.java:45)
at RegistrationTest.tearDown(RegistrationTest.java:45)
at RegistrationTest.tearDown(RegistrationTest.java:45)
at RegistrationTest.tearDown(RegistrationTest.java:45)
at RegistrationTest.tearDown(RegistrationTest.java:45)
at RegistrationTest.tearDown(RegistrationTest.java:45)
at RegistrationTest.tearDown(RegistrationTest.java:45)
at RegistrationTest.tearDown(RegistrationTest.java:45)
at RegistrationTest.tearDown(RegistrationTest.java:45)
at RegistrationTest.tearDown(RegistrationTest.java:45)
at RegistrationTest.tearDown(RegistrationTest.java:45)
at RegistrationTest.tearDown(RegistrationTest.java:45)
at RegistrationTest.tearDown(RegistrationTest.java:45)
at RegistrationTest.tearDown(RegistrationTest.java:45)
at RegistrationTest.tearDown(RegistrationTest.java:45)
at RegistrationTest.tearDown(RegistrationTest.java:45)
at RegistrationTest.tearDown(RegistrationTest.java:45)
at RegistrationTest.tearDown(RegistrationTest.java:45)
at RegistrationTest.tearDown(RegistrationTest.java:45)
at RegistrationTest.tearDown(RegistrationTest.java:45)
at RegistrationTest.tearDown(RegistrationTest.java:45)
at RegistrationTest.tearDown(RegistrationTest.java:45)
at RegistrationTest.tearDown(RegistrationTest.java:45)
at RegistrationTest.tearDown(RegistrationTest.java:45)
at RegistrationTest.tearDown(RegistrationTest.java:45)
at RegistrationTest.tearDown(RegistrationTest.java:45)
at RegistrationTest.tearDown(RegistrationTest.java:45)
at RegistrationTest.tearDown(RegistrationTest.java:45)
at RegistrationTest.tearDown(RegistrationTest.java:45)
at RegistrationTest.tearDown(RegistrationTest.java:45)
at RegistrationTest.tearDown(RegistrationTest.java:45)
at RegistrationTest.tearDown(RegistrationTest.java:45)
at RegistrationTest.tearDown(RegistrationTest.java:45)
at RegistrationTest.tearDown(RegistrationTest.java:45)
at RegistrationTest.tearDown(RegistrationTest.java:45)
at RegistrationTest.tearDown(RegistrationTest.java:45)
at RegistrationTest.tearDown(RegistrationTest.java:45)
at RegistrationTest.tearDown(RegistrationTest.java:45)
at RegistrationTest.tearDown(RegistrationTest.java:45)
at RegistrationTest.tearDown(RegistrationTest.java:45)
at RegistrationTest.tearDown(RegistrationTest.java:45)
at RegistrationTest.tearDown(RegistrationTest.java:45)
at RegistrationTest.tearDown(RegistrationTest.java:45)
at RegistrationTest.tearDown(RegistrationTest.java:45)
at RegistrationTest.tearDown(RegistrationTest.java:45)
at RegistrationTest.tearDown(RegistrationTest.java:45)
at RegistrationTest.tearDown(RegistrationTest.java:45)
at RegistrationTest.tearDown(RegistrationTest.java:45)
at RegistrationTest.tearDown(RegistrationTest.java:45)
at RegistrationTest.tearDown(RegistrationTest.java:45)
at RegistrationTest.tearDown(RegistrationTest.java:45)
at RegistrationTest.tearDown(RegistrationTest.java:45)
at RegistrationTest.tearDown(RegistrationTest.java:45)
at RegistrationTest.tearDown(RegistrationTest.java:45)
at RegistrationTest.tearDown(RegistrationTest.java:45)
at RegistrationTest.tearDown(RegistrationTest.java:45)
at RegistrationTest.tearDown(RegistrationTest.java:45)
at RegistrationTest.tearDown(RegistrationTest.java:45)
at RegistrationTest.tearDown(RegistrationTest.java:45)
at RegistrationTest.tearDown(RegistrationTest.java:45)
at RegistrationTest.tearDown(RegistrationTest.java:45)
at RegistrationTest.tearDown(RegistrationTest.java:45)
at RegistrationTest.tearDown(RegistrationTest.java:45)
at RegistrationTest.tearDown(RegistrationTest.java:45)
at RegistrationTest.tearDown(RegistrationTest.java:45)
at RegistrationTest.tearDown(RegistrationTest.java:45)
at RegistrationTest.tearDown(RegistrationTest.java:45)
at RegistrationTest.tearDown(RegistrationTest.java:45)
at RegistrationTest.tearDown(RegistrationTest.java:45)
at RegistrationTest.tearDown(RegistrationTest.java:45)
at RegistrationTest.tearDown(RegistrationTest.java:45)
at RegistrationTest.tearDown(RegistrationTest.java:45)
at RegistrationTest.tearDown(RegistrationTest.java:45)
at RegistrationTest.tearDown(RegistrationTest.java:45)
at RegistrationTest.tearDown(RegistrationTest.java:45)
at RegistrationTest.tearDown(RegistrationTest.java:45)
at RegistrationTest.tearDown(RegistrationTest.java:45)
at RegistrationTest.tearDown(RegistrationTest.java:45)
at RegistrationTest.tearDown(RegistrationTest.java:45)
at RegistrationTest.tearDown(RegistrationTest.java:45)
at RegistrationTest.tearDown(RegistrationTest.java:45)
at RegistrationTest.tearDown(RegistrationTest.java:45)
at RegistrationTest.tearDown(RegistrationTest.java:45)
at RegistrationTest.tearDown(RegistrationTest.java:45)
at RegistrationTest.tearDown(RegistrationTest.java:45)
at RegistrationTest.tearDown(RegistrationTest.java:45)
at RegistrationTest.tearDown(RegistrationTest.java:45)
at RegistrationTest.tearDown(RegistrationTest.java:45)
at RegistrationTest.tearDown(RegistrationTest.java:45)
at RegistrationTest.tearDown(RegistrationTest.java:45)
at RegistrationTest.tearDown(RegistrationTest.java:45)
at RegistrationTest.tearDown(RegistrationTest.java:45)
at RegistrationTest.tearDown(RegistrationTest.java:45)
at RegistrationTest.tearDown(RegistrationTest.java:45)
at RegistrationTest.tearDown(RegistrationTest.java:45)
at RegistrationTest.tearDown(RegistrationTest.java:45)
at RegistrationTest.tearDown(RegistrationTest.java:45)
at RegistrationTest.tearDown(RegistrationTest.java:45)
at RegistrationTest.tearDown(RegistrationTest.java:45)
at RegistrationTest.tearDown(RegistrationTest.java:45)
at RegistrationTest.tearDown(RegistrationTest.java:45)
at RegistrationTest.tearDown(RegistrationTest.java:45)
at RegistrationTest.tearDown(RegistrationTest.java:45)
at RegistrationTest.tearDown(RegistrationTest.java:45)
at RegistrationTest.tearDown(RegistrationTest.java:45)
at RegistrationTest.tearDown(RegistrationTest.java:45)
at RegistrationTest.tearDown(RegistrationTest.java:45)
at RegistrationTest.tearDown(RegistrationTest.java:45)
at RegistrationTest.tearDown(RegistrationTest.java:45)
at RegistrationTest.tearDown(RegistrationTest.java:45)
at RegistrationTest.tearDown(RegistrationTest.java:45)
at RegistrationTest.tearDown(RegistrationTest.java:45)
at RegistrationTest.tearDown(RegistrationTest.java:45)
at RegistrationTest.tearDown(RegistrationTest.java:45)
at RegistrationTest.tearDown(RegistrationTest.java:45)
at RegistrationTest.tearDown(RegistrationTest.java:45)
at RegistrationTest.tearDown(RegistrationTest.java:45)
at RegistrationTest.tearDown(RegistrationTest.java:45)
at RegistrationTest.tearDown(RegistrationTest.java:45)
at RegistrationTest.tearDown(RegistrationTest.java:45)
at RegistrationTest.tearDown(RegistrationTest.java:45)
at RegistrationTest.tearDown(RegistrationTest.java:45)
at RegistrationTest.tearDown(RegistrationTest.java:45)
at RegistrationTest.tearDown(RegistrationTest.java:45)
at RegistrationTest.tearDown(RegistrationTest.java:45)
at RegistrationTest.tearDown(RegistrationTest.java:45)
at RegistrationTest.tearDown(RegistrationTest.java:45)
at RegistrationTest.tearDown(RegistrationTest.java:45)
at RegistrationTest.tearDown(RegistrationTest.java:45)
at RegistrationTest.tearDown(RegistrationTest.java:45)
at RegistrationTest.tearDown(RegistrationTest.java:45)
at RegistrationTest.tearDown(RegistrationTest.java:45)
at RegistrationTest.tearDown(RegistrationTest.java:45)
at RegistrationTest.tearDown(RegistrationTest.java:45)
at RegistrationTest.tearDown(RegistrationTest.java:45)
at RegistrationTest.tearDown(RegistrationTest.java:45)
at RegistrationTest.tearDown(RegistrationTest.java:45)
at RegistrationTest.tearDown(RegistrationTest.java:45)
at RegistrationTest.tearDown(RegistrationTest.java:45)
at RegistrationTest.tearDown(RegistrationTest.java:45)
at RegistrationTest.tearDown(RegistrationTest.java:45)
at RegistrationTest.tearDown(RegistrationTest.java:45)
at RegistrationTest.tearDown(RegistrationTest.java:45)
at RegistrationTest.tearDown(RegistrationTest.java:45)
at RegistrationTest.tearDown(RegistrationTest.java:45)
at RegistrationTest.tearDown(RegistrationTest.java:45)
at RegistrationTest.tearDown(RegistrationTest.java:45)
at RegistrationTest.tearDown(RegistrationTest.java:45)
at RegistrationTest.tearDown(RegistrationTest.java:45)
at RegistrationTest.tearDown(RegistrationTest.java:45)
at RegistrationTest.tearDown(RegistrationTest.java:45)
at RegistrationTest.tearDown(RegistrationTest.java:45)
at RegistrationTest.tearDown(RegistrationTest.java:45)
at RegistrationTest.tearDown(RegistrationTest.java:45)
at RegistrationTest.tearDown(RegistrationTest.java:45)
at RegistrationTest.tearDown(RegistrationTest.java:45)
at RegistrationTest.tearDown(RegistrationTest.java:45)
at RegistrationTest.tearDown(RegistrationTest.java:45)
at RegistrationTest.tearDown(RegistrationTest.java:45)
at RegistrationTest.tearDown(RegistrationTest.java:45)
at RegistrationTest.tearDown(RegistrationTest.java:45)
at RegistrationTest.tearDown(RegistrationTest.java:45)
at RegistrationTest.tearDown(RegistrationTest.java:45)
at RegistrationTest.tearDown(RegistrationTest.java:45)
at RegistrationTest.tearDown(RegistrationTest.java:45)
at RegistrationTest.tearDown(RegistrationTest.java:45)
at RegistrationTest.tearDown(RegistrationTest.java:45)
at RegistrationTest.tearDown(RegistrationTest.java:45)
at RegistrationTest.tearDown(RegistrationTest.java:45)
at RegistrationTest.tearDown(RegistrationTest.java:45)
at RegistrationTest.tearDown(RegistrationTest.java:45)
at RegistrationTest.tearDown(RegistrationTest.java:45)
at RegistrationTest.tearDown(RegistrationTest.java:45)
at RegistrationTest.tearDown(RegistrationTest.java:45)
at RegistrationTest.tearDown(RegistrationTest.java:45)
at RegistrationTest.tearDown(RegistrationTest.java:45)
at RegistrationTest.tearDown(RegistrationTest.java:45)
at RegistrationTest.tearDown(RegistrationTest.java:45)
]]>
    </error>
  </testcase> <!-- tearDown -->
  <system-out/>
  <testcase classname="RegistrationTest" name="testRegistration" time="106.383"/>
  <system-out/>
</testsuite> <!-- RegistrationTest -->
