<?xml version="1.0" encoding="UTF-8"?>
<!-- Generated by org.testng.reporters.JUnitReportReporter -->
<testsuite hostname="DESKTOP-JMB1BV4" failures="0" tests="1" name="FullSetupTest" time="83.763" errors="0" timestamp="2025-01-19T23:06:55 IST" skipped="0">
  <testcase classname="FullSetupTest" name="testFullSetup" time="83.763"/>
  <system-out/>
</testsuite> <!-- FullSetupTest -->
